e:\_tech\3_embed\_nisy_spare_parts_warehouse\ch341a编程器\ch341evt\ch341par\vc\debug\ch341par.bsc
e:\_tech\3_embed\_nisy_spare_parts_warehouse\ch341a编程器\ch341evt\ch341par\vc\debug\ch341par.pch
e:\_tech\3_embed\_nisy_spare_parts_warehouse\ch341a编程器\ch341evt\ch341par\vc\debug\vc143.pdb
e:\_tech\3_embed\_nisy_spare_parts_warehouse\ch341a编程器\ch341evt\ch341par\vc\debug\stdafx.sbr
e:\_tech\3_embed\_nisy_spare_parts_warehouse\ch341a编程器\ch341evt\ch341par\vc\debug\stdafx.obj
e:\_tech\3_embed\_nisy_spare_parts_warehouse\ch341a编程器\ch341evt\ch341par\vc\debug\ch341par.sbr
e:\_tech\3_embed\_nisy_spare_parts_warehouse\ch341a编程器\ch341evt\ch341par\vc\debug\ch341pardlg.sbr
e:\_tech\3_embed\_nisy_spare_parts_warehouse\ch341a编程器\ch341evt\ch341par\vc\debug\eeprpage.sbr
e:\_tech\3_embed\_nisy_spare_parts_warehouse\ch341a编程器\ch341evt\ch341par\vc\debug\epppage.sbr
e:\_tech\3_embed\_nisy_spare_parts_warehouse\ch341a编程器\ch341evt\ch341par\vc\debug\i2cspage.sbr
e:\_tech\3_embed\_nisy_spare_parts_warehouse\ch341a编程器\ch341evt\ch341par\vc\debug\ledbtdisp.sbr
e:\_tech\3_embed\_nisy_spare_parts_warehouse\ch341a编程器\ch341evt\ch341par\vc\debug\mempage.sbr
e:\_tech\3_embed\_nisy_spare_parts_warehouse\ch341a编程器\ch341evt\ch341par\vc\debug\otherpage.sbr
e:\_tech\3_embed\_nisy_spare_parts_warehouse\ch341a编程器\ch341evt\ch341par\vc\debug\public.sbr
e:\_tech\3_embed\_nisy_spare_parts_warehouse\ch341a编程器\ch341evt\ch341par\vc\debug\public.obj
e:\_tech\3_embed\_nisy_spare_parts_warehouse\ch341a编程器\ch341evt\ch341par\vc\debug\otherpage.obj
e:\_tech\3_embed\_nisy_spare_parts_warehouse\ch341a编程器\ch341evt\ch341par\vc\debug\mempage.obj
e:\_tech\3_embed\_nisy_spare_parts_warehouse\ch341a编程器\ch341evt\ch341par\vc\debug\ledbtdisp.obj
e:\_tech\3_embed\_nisy_spare_parts_warehouse\ch341a编程器\ch341evt\ch341par\vc\debug\i2cspage.obj
e:\_tech\3_embed\_nisy_spare_parts_warehouse\ch341a编程器\ch341evt\ch341par\vc\debug\epppage.obj
e:\_tech\3_embed\_nisy_spare_parts_warehouse\ch341a编程器\ch341evt\ch341par\vc\debug\eeprpage.obj
e:\_tech\3_embed\_nisy_spare_parts_warehouse\ch341a编程器\ch341evt\ch341par\vc\debug\ch341pardlg.obj
e:\_tech\3_embed\_nisy_spare_parts_warehouse\ch341a编程器\ch341evt\ch341par\vc\debug\ch341par.obj
e:\_tech\3_embed\_nisy_spare_parts_warehouse\ch341a编程器\ch341evt\ch341par\vc\debug\ch341par.exe
e:\_tech\3_embed\_nisy_spare_parts_warehouse\ch341a编程器\ch341evt\ch341par\vc\debug\ch341par.pdb
e:\_tech\3_embed\_nisy_spare_parts_warehouse\ch341a编程器\ch341evt\ch341par\vc\debug\ch341par.res
e:\_tech\3_embed\_nisy_spare_parts_warehouse\ch341a编程器\ch341evt\ch341par\vc\debug\ch341par.ilk
e:\_tech\3_embed\_nisy_spare_parts_warehouse\ch341a编程器\ch341evt\ch341par\vc\debug\ch341par.tlog\bscmake.command.1.tlog
e:\_tech\3_embed\_nisy_spare_parts_warehouse\ch341a编程器\ch341evt\ch341par\vc\debug\ch341par.tlog\bscmake.read.1.tlog
e:\_tech\3_embed\_nisy_spare_parts_warehouse\ch341a编程器\ch341evt\ch341par\vc\debug\ch341par.tlog\bscmake.write.1.tlog
e:\_tech\3_embed\_nisy_spare_parts_warehouse\ch341a编程器\ch341evt\ch341par\vc\debug\ch341par.tlog\cl.command.1.tlog
e:\_tech\3_embed\_nisy_spare_parts_warehouse\ch341a编程器\ch341evt\ch341par\vc\debug\ch341par.tlog\cl.items.tlog
e:\_tech\3_embed\_nisy_spare_parts_warehouse\ch341a编程器\ch341evt\ch341par\vc\debug\ch341par.tlog\cl.read.1.tlog
e:\_tech\3_embed\_nisy_spare_parts_warehouse\ch341a编程器\ch341evt\ch341par\vc\debug\ch341par.tlog\cl.write.1.tlog
e:\_tech\3_embed\_nisy_spare_parts_warehouse\ch341a编程器\ch341evt\ch341par\vc\debug\ch341par.tlog\link.command.1.tlog
e:\_tech\3_embed\_nisy_spare_parts_warehouse\ch341a编程器\ch341evt\ch341par\vc\debug\ch341par.tlog\link.read.1.tlog
e:\_tech\3_embed\_nisy_spare_parts_warehouse\ch341a编程器\ch341evt\ch341par\vc\debug\ch341par.tlog\link.secondary.1.tlog
e:\_tech\3_embed\_nisy_spare_parts_warehouse\ch341a编程器\ch341evt\ch341par\vc\debug\ch341par.tlog\link.write.1.tlog
e:\_tech\3_embed\_nisy_spare_parts_warehouse\ch341a编程器\ch341evt\ch341par\vc\debug\ch341par.tlog\rc.command.1.tlog
e:\_tech\3_embed\_nisy_spare_parts_warehouse\ch341a编程器\ch341evt\ch341par\vc\debug\ch341par.tlog\rc.read.1.tlog
e:\_tech\3_embed\_nisy_spare_parts_warehouse\ch341a编程器\ch341evt\ch341par\vc\debug\ch341par.tlog\rc.write.1.tlog
